9637
Poli
p0li
P0li
P0LI
po1i
Po1i
PO1I
pol1
Pol1
POL1
pol1111
po1i143
Pol1321
POL112
P0li6969
POL1111
PO1I69
P0LI34
PO1I1234
P0li420
POL1123456
P0li9637
P0LI321
POL11234
Po1i420
po1i6969
p0li34
P0LI111
P0LI2468
POL19637
p0li321
P0LI9637
Pol1123
PO1I6969
P0LI23
Po1i69
P0LI24
pol124
p0li111
pol13
pol12
pol11
Po1i1234
Po1i143
pol123
PO1I9637
PO1I321
Pol1111
Po1i123
p0li143
POL123
p0li23
po1i69
p0li24
POL124
PO1I111
POL13
POL12
POL11
po1i1234
P0LI12
POL12468
pol1123456
pol12468
pol169
po1i123
Pol112
Po1i6969
pol134
P0li34
Po1i2
Po1i3
Po1i1
P0LI420
Po1i9637
POL134
po1i2
po1i3
Pol11
po1i1
P0li2468
p0li420
po1i9637
po1i123456
Pol13
POL1123
P0li23
P0li24
PO1I34
p0li2468
P0li143
Pol1123456
Pol11234
P0li123
pol16969
pol112
PO1I2468
P0li12
p0li123456
pol11234
pol1123
Pol19637
PO1I23
PO1I24
Po1i34
P0li2
P0li3
P0li1
p0li12
P0LI123456
POL16969
Po1i321
Pol12
po1i12
pol1143
p0li6969
po1i34
Po1i111
Po1i2468
PO1I12
po1i321
Po1i123456
Pol16969
POL1420
POL1143
Po1i23
P0LI69
Po1i24
po1i111
pol1321
P0LI1234
P0LI143
Pol12468
Pol1420
P0LI123
po1i23
p0li69
po1i24
POL169
POL1321
p0li1234
Po1i12
pol1420
p0li123
Pol1143
P0LI6969
P0LI2
P0LI3
P0LI1
PO1I143
Pol123
P0li123456
P0li321
po1i2468
PO1I123
PO1I420
Pol134
pol19637
P0li111
p0li2
p0li3
p0li1
Pol124
po1i420
p0li9637
Pol169
P0li69
PO1I2
PO1I3
PO1I1
P0li1234
PO1I123456
POL1#
PO1I@
pol1@
POL1!@#
POL1!
po1i#
Po1i@
P0li@
p0li!@#
po1i!
Pol1!@#
P0li!!!
P0LI#
p0li@
P0LI!
Po1i#
Po1i!@#
P0LI!@#
P0li!@#
Pol1@
Pol1!!!
P0LI!!!
po1i!!!
Pol1#
p0li#
P0LI@
p0li!
P0li#
po1i@
P0li!
Pol1!
pol1!!!
pol1!@#
PO1I!!!
pol1#
PO1I#
pol1!
PO1I!
Po1i!
POL1@
Po1i!!!
po1i!@#
PO1I!@#
POL1!!!
p0li!!!
PO1I420!@#
Po1i9637!@#
p0li111!@#
POL1321@
POL11!!!
POL112!@#
pol112!!!
POL16969#
pol1420!!!
POL16969!
Pol11@
Pol1420!@#
P0li34!!!
Pol12#
PO1I321!
P0LI2@
PO1I321#
pol12468#
P0LI2468@
PO1I420@
po1i1!
po1i1#
p0li6969#
p0li6969!
P0li1234!@#
POL11!@#
p0li1!!!
Pol1420!
PO1I2!!!
P0li420!
Pol1420#
pol169@
p0li123!!!
P0LI23!!!
p0li2468!!!
po1i1@
pol13!@#
Pol11234#
p0li6969@
po1i23!!!
PO1I420!!!
pol11@
POL1123456!@#
po1i6969!@#
PO1I69!!!
pol169!
pol169#
POL1321#
POL1321!
POL16969@
P0LI2!
PO1I321@
P0LI2#
P0LI2468#
P0LI2468!
P0LI2!@#
Pol123!@#
PO1I143!!!
P0LI111@
Pol13!!!
POL11234!!!
Po1i321!!!
p0li321!@#
PO1I34#
Po1i1234#
PO1I34!
Po1i1234!
PO1I23#
PO1I23!
POL1123456#
Pol134!@#
P0li143!@#
Pol112#
POL1123456!
Po1i111!!!
Pol124!!!
PO1I69@
P0li6969!!!
Pol1321#
Pol19637@
PO1I23@
Po1i34!
POL123!@#
p0li24!!!
Po1i123456!!!
Pol11234!!!
Po1i143!!!
Po1i123456!@#
PO1I69!
PO1I69#
P0LI123456!!!
Pol19637!@#
Pol13!@#
P0li9637!!!
pol12468!@#
P0LI111!
P0LI111#
POL1123#
po1i321!
Pol1321!
po1i321#
Pol12468#
p0li12!!!
PO1I34@
pol11#
P0LI123@
pol11!
Po1i24!!!
P0li2!@#
p0li9637!!!
P0LI6969#
P0LI6969!
P0li111@
POL1123456@
P0li12#
P0li12!
Po1i2@
pol124#
po1i2468#
PO1I12!!!
po1i2468!
PO1I1@
p0li1!
po1i24@
p0li1#
pol123#
p0li34!@#
po1i9637!
Pol19637#
P0li123456#
P0li123456!
po1i123456@
p0li69!!!
Pol169!
Pol169#
P0LI123!@#
Pol19637!
p0li1@
po1i24#
po1i24!
pol123@
P0li34!@#
Po1i143@
Pol12468!
p0li321!!!
p0li1234!!!
p0li1234!@#
pol124!!!
po1i123456#
po1i123456!
P0li123456@
Pol169@
po1i69#
pol134#
P0LI123!
P0LI123#
po1i143@
P0LI6969@
P0li111!
P0li111#
P0li12@
Po1i2!
PO1I321!@#
Po1i2#
po1i2468@
pol124@
P0li123@
P0li23@
Po1i2!@#
Pol123#
Pol123!
POL1143!!!
PO1I2!
Po1i111@
Po1i34!!!
PO1I123456!@#
po1i420#
p0li321@
po1i420!
POL13!
p0li123456!!!
P0li2468@
Po1i6969!!!
Pol1123456#
Pol1123456!
pol13!!!
P0li321!@#
Pol124@
P0LI9637#
PO1I69!@#
P0LI9637!
P0li34@
P0li23!!!
po1i420!@#
P0li2468!@#
PO1I1!!!
POL1111!!!
p0li12!@#
pol1321!!!
P0li34#
P0li34!
P0LI9637@
P0li23#
P0li23!
Pol123!!!
Pol123@
PO1I3!!!
pol11!!!
Pol112!!!
Po1i111!
Po1i111#
p0li321!
p0li321#
po1i420@
Pol124#
P0li2468#
Pol124!
P0li2468!
Po1i123@
POL11234#
PO1I24!@#
p0li143!@#
P0li420!!!
po1i143#
Po1i23@
pol112!@#
po1i69@
P0li69!
P0li69#
P0LI69!!!
p0li123456!
Po1i2468!!!
P0LI24#
P0LI24!
pol123!!!
po1i2468!@#
POL1420!!!
POL1123@
P0li12!!!
po1i123456!@#
Po1i143!@#
p0li1234#
p0li1234!
Po1i123!@#
P0LI24@
po1i23!@#
P0LI24!@#
P0LI23!
P0li143!!!
po1i1!@#
POL1123!@#
pol19637!!!
PO1I321!!!
Pol169!@#
p0li1234@
Po1i123!
Po1i123#
p0li9637!@#
P0LI420!@#
PO1I111!!!
POL124!!!
P0li69@
P0li6969!@#
pol12!
PO1I123!@#
P0LI1!
P0LI1#
P0li6969#
P0li6969!
po1i1234!@#
POL11@
p0li420#
p0li420!
P0LI123!!!
Pol1143@
po1i24!@#
pol16969@
P0LI1234!@#
po1i34!!!
P0LI143#
P0li3#
P0LI143!
P0li3!
POL12468#
POL12468!
po1i9637@
pol169!@#
Pol1143!@#
Pol12!!!
Pol1143!
p0li420!@#
Po1i2!!!
pol112!
P0li3@
P0LI143@
po1i9637#
p0li69!@#
P0LI12!!!
POL12468@
POL1143!@#
P0LI1@
POL112!!!
Po1i34!@#
P0li6969@
pol12!!!
Pol1123456@
pol1420!@#
p0li420@
POL19637!!!
POL134#
POL134!
PO1I123456!!!
POL1321!@#
p0li2!!!
Po1i2468@
Pol19637!!!
POL169!@#
POL1321!!!
P0LI111!@#
POL19637@
pol11234!@#
pol1321!@#
po1i420!!!
pol1111!!!
Po1i12!!!
POL1123456!!!
po1i321!!!
P0LI321@
po1i3@
pol16969!@#
P0li9637#
P0li9637!
po1i6969!!!
P0li123!
Po1i23!!!
P0li1234!!!
POL19637#
POL19637!
P0li123#
p0li1!@#
P0li143#
P0LI321!
po1i3#
P0LI321#
P0li143@
P0li143!
P0li9637@
P0LI9637!!!
PO1I24!!!
Pol11234!
P0LI2!!!
Pol1123456!@#
Po1i34@
Po1i2468#
Po1i2468!
po1i23#
po1i23!
Po1i1!
Po1i1#
pol1143@
Pol1123!@#
Pol11234@
P0LI12#
P0LI12!
po1i321@
PO1I123456@
P0li69!!!
PO1I3@
po1i34@
Po1i123!!!
Pol11!!!
PO1I9637!!!
POL123!!!
pol19637#
pol1321@
pol19637!
POL1420!
POL11234!@#
P0LI123456#
P0li321@
P0LI123456!
Pol12468@
PO1I1234@
Pol13!
Pol169!!!
PO1I24!
pol1321#
P0li24!@#
po1i3!!!
Pol1123!!!
POL1420!@#
Po1i2468!@#
P0li321!
P0li321#
P0LI123456@
PO1I1234#
PO1I1234!
pol12468@
po1i23@
Po1i1@
P0li23!@#
pol1143!
POL134!@#
pol1143#
po1i143!!!
pol11234!!!
P0LI1234@
pol1123456!@#
P0LI12@
P0li2!!!
PO1I123456!
po1i34#
po1i34!
P0LI23@
Po1i6969#
Po1i6969!
Pol112@
po1i111!
po1i111#
pol16969!!!
PO1I2@
P0li321!!!
P0LI420@
p0li2468#
p0li2468!
po1i3!
PO1I24@
p0li24@
Po1i111!@#
P0LI143!@#
p0li420!!!
Pol124!@#
pol1123456@
Pol1321!!!
P0li111!!!
po1i69!
Po1i321@
p0li3@
p0li123456@
POL11234!
P0LI34@
p0li24#
p0li24!
Pol1143!!!
P0LI2468!@#
pol1123456#
pol1123456!
po1i111!!!
POL13@
p0li123456#
p0li3#
po1i143!
p0li3!
P0LI34#
P0LI34!
P0LI23#
p0li23!!!
POL134@
POL12468!!!
PO1I111!@#
Po1i6969@
POL124!@#
PO1I1234!@#
po1i111@
Pol16969!!!
Pol13@
P0LI420#
P0LI420!
p0li2468@
po1i123!
po1i123#
Po1i420!@#
Pol1123@
po1i2!!!
Pol1111!!!
Po1i1234!!!
P0LI69!
P0li2@
P0LI69#
P0li420@
POL169@
pol12@
POL1420#
POL112@
P0li2468!!!
Pol12468!!!
Pol11#
Pol1111#
Pol1111!
PO1I1!@#
PO1I12!@#
po1i12#
po1i12!
pol13!
po1i6969!
pol13#
Po1i9637#
Po1i9637!
PO1I3#
POL112#
POL112!
pol12468!
p0li3!!!
Pol1111@
PO1I34!!!
po1i12@
pol13@
Pol16969!@#
Po1i9637@
po1i123@
pol169!!!
Pol1123#
PO1I23!@#
p0li143!!!
Pol13#
Pol1420!!!
P0LI12!@#
P0li2!
P0LI69@
P0li2#
PO1I3!
POL1420@
P0LI69!@#
PO1I2#
Po1i3!!!
P0LI9637!@#
PO1I3!@#
P0LI1!!!
p0li111#
Po1i420@
Po1i69!!!
POL13#
Po1i24#
Po1i24!
po1i6969#
POL123@
P0LI3!!!
po1i3!@#
pol1111@
Pol16969@
p0li123456!@#
P0LI321!@#
Pol12@
p0li143@
Pol1321@
po1i2468!!!
Po1i24@
p0li23!@#
POL123#
po1i6969@
POL123!
pol1111#
pol1111!
p0li111!!!
Po1i321!@#
p0li143#
pol123!
p0li143!
Pol12!
PO1I123!!!
pol12468!!!
pol123!@#
Po1i23!@#
PO1I143!@#
Po1i143!
p0li111@
Pol1123456!!!
Po1i420#
Po1i420!
Pol1111!@#
p0li123!
p0li123#
Pol1123!
POL169!!!
POL134!!!
P0LI420!!!
P0li1!!!
pol1123!!!
pol1123456!!!
po1i2!
po1i2#
P0LI1234#
P0LI1234!
POL11#
po1i123!@#
POL11!
POL13!@#
p0li24!@#
P0li3!!!
p0li6969!@#
Po1i1234!@#
PO1I111!
PO1I111#
p0li34!!!
PO1I9637@
POL124#
POL124!
p0li9637@
P0li123!@#
P0LI1234!!!
po1i24!!!
P0LI143!!!
PO1I111@
P0li420#
P0LI123456!@#
p0li9637#
P0LI6969!@#
p0li9637!
POL124@
p0li123@
pol1143!!!
POL169!
pol16969#
pol16969!
Po1i1234@
po1i2@
POL169#
po1i12!!!
PO1I1234!!!
po1i9637!!!
POL12468!@#
POL1143!
POL1143#
PO1I2468!@#
Po1i1!!!
Pol112!
POL16969!@#
PO1I123!
PO1I123#
po1i34!@#
p0li3!@#
Pol11234!@#
P0LI3#
P0LI3!
po1i69!!!
p0li6969!!!
PO1I123@
po1i143!@#
Pol16969#
Po1i143#
Pol16969!
P0LI3@
PO1I6969!@#
pol1111!@#
PO1I24#
Po1i9637!!!
p0li111!
POL1143@
P0LI23!@#
Pol134!!!
Pol11!@#
P0LI1!@#
P0li12!@#
P0li123456!!!
P0li69!@#
p0li23#
p0li23!
POL11234@
Pol11!
pol134@
pol134!@#
pol11234@
Po1i420!!!
POL1123!
Po1i12#
P0LI34!!!
p0li2!
POL12#
p0li2#
POL12!
pol1420@
P0LI6969!!!
p0li123!@#
P0li24!!!
pol124!
Po1i123456#
Po1i123456!
PO1I2468#
PO1I2468!
pol1321!
PO1I2!@#
PO1I9637!@#
P0LI3!@#
po1i12!@#
Pol112!@#
pol12#
Po1i123456@
PO1I2468@
PO1I6969!!!
p0li23@
po1i2!@#
pol134!
pol11234#
pol11234!
P0li420!@#
P0li1!@#
pol1123!@#
Po1i12@
Po1i321!
p0li2@
POL12@
p0li34#
pol1420!
p0li34!
pol1420#
P0LI24!!!
P0li1!
P0li1#
po1i111!@#
pol1123#
pol1123!
PO1I23!!!
p0li2468!@#
PO1I143@
P0li1234#
pol124!@#
P0li1234!
P0li123!!!
pol112#
P0LI2468!!!
Pol134@
pol19637!@#
PO1I6969@
P0li9637!@#
Pol12!@#
po1i1!!!
POL1123!!!
Po1i321#
p0li69!
Po1i3#
p0li69#
Po1i3!
po1i1234#
po1i1234!
po1i123!!!
pol112@
Pol134#
Pol134!
PO1I6969#
PO1I6969!
P0li3!@#
PO1I420#
Pol1321!@#
po1i1234!!!
pol12!@#
P0li123456!@#
POL13!!!
p0li69@
Po1i3@
Po1i34#
PO1I420!
po1i1234@
Po1i23#
Po1i23!
PO1I2468!!!
P0li1@
Pol1143#
po1i9637!@#
Pol1420@
pol1123@
POL1111!@#
Po1i1!@#
PO1I143#
PO1I143!
P0li1234@
pol1143!@#
Po1i12!
PO1I34!@#
POL1111@
pol19637@
Po1i69!
POL12!@#
P0LI321!!!
po1i321!@#
Po1i69#
po1i123456!!!
PO1I1!
P0li24#
P0li24!
P0li111!@#
PO1I1#
p0li12#
P0LI111!!!
p0li12!
PO1I12@
POL19637!@#
p0li34@
Po1i24!@#
P0li24@
Pol12468!@#
P0LI34!@#
Po1i3!@#
pol11!@#
PO1I123456#
PO1I12#
PO1I12!
p0li12@
po1i69!@#
POL12!!!
p0li2!@#
pol134!!!
POL1111#
POL1111!
POL16969!!!
Po1i12!@#
Po1i69@
Po1i6969!@#
PO1I9637#
Po1i69!@#
PO1I9637!
poli123
poli1234
poli143
poli1
poli2
poli3
poli69
poli6969
poli420
poli111
poli123456
poli321
poli12
poli23
poli24
poli34
poli2468
poli9637
Poli123
Poli1234
Poli143
Poli1
Poli2
Poli3
Poli69
Poli6969
Poli420
Poli111
Poli123456
Poli321
Poli12
Poli23
Poli24
Poli34
Poli2468
Poli9637
POLI123
POLI1234
POLI143
POLI1
POLI2
POLI3
POLI69
POLI6969
POLI420
POLI111
POLI123456
POLI321
POLI12
POLI23
POLI24
POLI34
POLI2468
POLI9637
poli!@#
poli!
poli@
poli#
poli!!!
Poli!@#
Poli!
Poli@
Poli#
Poli!!!
POLI!@#
POLI!
POLI@
POLI#
POLI!!!
poli123!@#
poli123!
poli123@
poli123#
poli123!!!
poli1234!@#
poli1234!
poli1234@
poli1234#
poli1234!!!
poli143!@#
poli143!
poli143@
poli143#
poli143!!!
poli1!@#
poli1!
poli1@
poli1#
poli1!!!
poli2!@#
poli2!
poli2@
poli2#
poli2!!!
poli3!@#
poli3!
poli3@
poli3#
poli3!!!
poli69!@#
poli69!
poli69@
poli69#
poli69!!!
poli6969!@#
poli6969!
poli6969@
poli6969#
poli6969!!!
poli420!@#
poli420!
poli420@
poli420#
poli420!!!
poli111!@#
poli111!
poli111@
poli111#
poli111!!!
poli123456!@#
poli123456!
poli123456@
poli123456#
poli123456!!!
poli321!@#
poli321!
poli321@
poli321#
poli321!!!
poli12!@#
poli12!
poli12@
poli12#
poli12!!!
poli23!@#
poli23!
poli23@
poli23#
poli23!!!
poli24!@#
poli24!
poli24@
poli24#
poli24!!!
poli34!@#
poli34!
poli34@
poli34#
poli34!!!
poli2468!@#
poli2468!
poli2468@
poli2468#
poli2468!!!
poli9637!@#
poli9637!
poli9637@
poli9637#
poli9637!!!
Poli123!@#
Poli123!
Poli123@
Poli123#
Poli123!!!
Poli1234!@#
Poli1234!
Poli1234@
Poli1234#
Poli1234!!!
Poli143!@#
Poli143!
Poli143@
Poli143#
Poli143!!!
Poli1!@#
Poli1!
Poli1@
Poli1#
Poli1!!!
Poli2!@#
Poli2!
Poli2@
Poli2#
Poli2!!!
Poli3!@#
Poli3!
Poli3@
Poli3#
Poli3!!!
Poli69!@#
Poli69!
Poli69@
Poli69#
Poli69!!!
Poli6969!@#
Poli6969!
Poli6969@
Poli6969#
Poli6969!!!
Poli420!@#
Poli420!
Poli420@
Poli420#
Poli420!!!
Poli111!@#
Poli111!
Poli111@
Poli111#
Poli111!!!
Poli123456!@#
Poli123456!
Poli123456@
Poli123456#
Poli123456!!!
Poli321!@#
Poli321!
Poli321@
Poli321#
Poli321!!!
Poli12!@#
Poli12!
Poli12@
Poli12#
Poli12!!!
Poli23!@#
Poli23!
Poli23@
Poli23#
Poli23!!!
Poli24!@#
Poli24!
Poli24@
Poli24#
Poli24!!!
Poli34!@#
Poli34!
Poli34@
Poli34#
Poli34!!!
Poli2468!@#
Poli2468!
Poli2468@
Poli2468#
Poli2468!!!
Poli9637!@#
Poli9637!
Poli9637@
Poli9637#
Poli9637!!!
POLI123!@#
POLI123!
POLI123@
POLI123#
POLI123!!!
POLI1234!@#
POLI1234!
POLI1234@
POLI1234#
POLI1234!!!
POLI143!@#
POLI143!
POLI143@
POLI143#
POLI143!!!
POLI1!@#
POLI1!
POLI1@
POLI1#
POLI1!!!
POLI2!@#
POLI2!
POLI2@
POLI2#
POLI2!!!
POLI3!@#
POLI3!
POLI3@
POLI3#
POLI3!!!
POLI69!@#
POLI69!
POLI69@
POLI69#
POLI69!!!
POLI6969!@#
POLI6969!
POLI6969@
POLI6969#
POLI6969!!!
POLI420!@#
POLI420!
POLI420@
POLI420#
POLI420!!!
POLI111!@#
POLI111!
POLI111@
POLI111#
POLI111!!!
POLI123456!@#
POLI123456!
POLI123456@
POLI123456#
POLI123456!!!
POLI321!@#
POLI321!
POLI321@
POLI321#
POLI321!!!
POLI12!@#
POLI12!
POLI12@
POLI12#
POLI12!!!
POLI23!@#
POLI23!
POLI23@
POLI23#
POLI23!!!
POLI24!@#
POLI24!
POLI24@
POLI24#
POLI24!!!
POLI34!@#
POLI34!
POLI34@
POLI34#
POLI34!!!
POLI2468!@#
POLI2468!
POLI2468@
POLI2468#
POLI2468!!!
POLI9637!@#
POLI9637!
POLI9637@
POLI9637#
POLI9637!!!
Uses
u5es
U5es
U5ES
us3s
Us3s
US3S
use5
Use5
USE5
US3S34
USE51
U5ES143
U5ES9637
Use512
u5es69
u5es3
U5es12
u5es1
Us3s143
USE5111
U5es1234
us3s24
us3s23
USE5420
Us3s9637
Use5111
U5es123
us3s143
Use52468
us3s6969
Us3s1234
Us3s321
Use569
us3s1
U5es143
USE51234
Us3s12
use5111
u5es123
USE53
US3S123
U5ES6969
USE56969
us3s34
use569
u5es2
Us3s420
US3S9637
U5es69
U5es321
use53
US3S321
use51
Us3s69
us3s123456
us3s420
US3S12
us3s111
Us3s3
Us3s2
Us3s1
use5123456
U5ES23
U5ES24
us3s3
us3s2
u5es6969
u5es123456
u5es420
Use51234
u5es1234
use52
USE524
US3S69
USE523
U5es9637
U5ES111
US3S143
Use5123
USE5321
U5ES123456
U5ES2468
USE52
US3S123456
u5es143
u5es9637
use51234
US3S420
us3s12
Us3s111
Use5321
USE534
u5es23
U5es111
use59637
u5es24
use512
u5es321
use5321
U5es6969
Us3s6969
Use56969
us3s69
USE5123456
u5es12
U5ES3
U5ES2
U5ES1
USE52468
USE5123
u5es2468
Use524
Use523
US3S1234
u5es34
U5ES12
Use5143
US3S3
US3S2
US3S1
US3S6969
U5ES420
U5ES1234
Us3s123456
use524
use523
U5es23
USE59637
U5es24
U5es3
U5es2
U5es1
use5123
use56969
Use534
Us3s24
Us3s23
USE512
U5ES34
Us3s123
U5es123456
U5es2468
U5es420
Us3s2468
us3s2468
use534
Use5123456
Use5420
u5es111
use5420
U5es34
US3S111
U5ES69
us3s123
Us3s34
US3S24
USE569
US3S23
us3s9637
USE5143
Use53
Use52
Use51
US3S2468
U5ES321
Use59637
U5ES123
use5143
us3s1234
use52468
us3s321
u5es#
u5es!
U5es@
Us3s#
Us3s!
use5@
Use5@
USE5#
U5ES!!!
USE5!
Us3s!!!
use5!@#
U5ES#
Use5!@#
U5ES!
us3s#
USE5!@#
us3s!
US3S@
USE5!!!
Use5!
U5ES!@#
us3s!!!
US3S!@#
U5ES@
US3S#
US3S!
us3s@
U5es!!!
u5es!@#
US3S!!!
us3s!@#
U5es#
U5es!
u5es@
use5#
use5!
Us3s@
USE5@
Use5!!!
u5es!!!
U5es!@#
Use5#
use5!!!
Us3s!@#
U5ES69!@#
U5es1#
U5es1!
u5es123!
Use5123!!!
US3S1234@
u5es1234!!!
US3S111!@#
U5ES24!!!
u5es1#
u5es1!
US3S12@
use569@
use534@
USE52468!
Use569#
US3S2468!!!
Us3s111@
USE5143@
U5es69#
us3s321@
US3S6969@
u5es1@
US3S12#
US3S12!
Use569@
use569!
use569#
Use5420!!!
Use59637!
US3S23!!!
USE5143!
U5ES123456!!!
US3S6969#
us3s321#
US3S6969!
us3s321!
USE5111!!!
U5es1@
Us3s12!@#
US3S1234#
Use534@
US3S1234!
Use534#
Use534!
USE51234!@#
use524!!!
use52!!!
use523#
us3s6969!@#
Us3s420!!!
U5ES1!@#
use534#
u5es123456@
use51!@#
use5143@
US3S2468@
Use52!!!
USE5420!@#
Us3s2468!
use56969!!!
Use512!!!
U5es9637#
USE512!@#
U5es9637!
USE53!!!
Use523#
use523@
Use523!
U5ES1234!!!
US3S111@
Us3s69!@#
USE52@
Us3s23#
U5es3!!!
U5es123!
Use5420#
USE534#
U5ES6969!
USE569@
USE5143!!!
U5es9637@
use53!!!
us3s23!@#
Use523@
use523!
USE52#
USE52!
U5es1!@#
us3s321!@#
US3S6969!@#
use5420!
USE51!!!
U5es1!!!
u5es123456#
U5es1234!!!
u5es123456!
use5143!
U5es123456!@#
use5143#
us3s34!!!
Use523!@#
U5ES3!@#
us3s123!@#
u5es34!!!
use51234#
u5es1!!!
US3S111#
U5ES123456#
US3S111!
U5ES123456!
u5es2#
U5ES9637!@#
u5es2!
U5ES69!
Use5321@
U5ES69#
U5ES1@
Us3s6969!@#
us3s123456@
Use5321!!!
US3S2468#
U5ES123@
USE5123!!!
USE523#
USE53#
U5es123456@
USE5143#
us3s6969#
U5ES420!
us3s6969!
U5ES420#
U5ES1#
U5ES1!
Us3s111!@#
us3s123456#
us3s123456!
U5ES123#
us3s2!
use5123!!!
U5es123456#
Use51!!!
U5es123456!
Use59637!@#
U5ES420@
US3S123#
us3s6969@
U5es6969!@#
USE5123!@#
Use5123!@#
Us3s321!!!
Use569!!!
use51234@
Use524#
U5ES123456@
u5es1234!@#
Us3s9637!!!
US3S1234!@#
U5es2#
u5es2@
U5es2!
U5ES69@
Use5321#
Use534!@#
us3s2!!!
use5420#
Us3s9637#
Us3s9637!
us3s2468#
use569!!!
U5ES23@
US3S34@
USE5420#
use5321#
use5321!
us3s12#
us3s12!
us3s420!
US3S12!@#
us3s420#
us3s420!!!
u5es123!!!
Us3s3@
USE5420!
U5ES24@
us3s23!!!
us3s12@
us3s420@
us3s143!@#
U5ES123!!!
Us3s3!
Us3s3#
U5ES24#
U5ES24!
Us3s420!@#
U5es69!!!
US3S123!@#
U5ES23#
U5ES23!
use5123#
US3S34#
use51!!!
US3S34!
U5es420!@#
US3S69!
USE5321!
use5321@
US3S69#
U5ES2468!!!
U5ES9637@
Us3s12!!!
Us3s123!!!
Use51#
USE524!!!
Use51!
US3S34!!!
USE5123456!@#
us3s111!@#
Us3s321!@#
USE5143!@#
U5ES143!!!
US3S23!
USE52468#
U5es111!!!
Us3s1234!@#
use53!
use51#
use524!
use51!
U5es2468!!!
US3S3!@#
US3S23@
us3s2!@#
USE523!!!
u5es9637!!!
use523!@#
U5es23!@#
US3S2!@#
U5ES9637#
U5ES9637!
u5es2!@#
U5ES9637!!!
use512!!!
u5es34#
u5es34!
U5es143@
us3s69!
us3s69#
Use51234@
U5es1234!@#
U5es123456!!!
Us3s24!!!
US3S1#
US3S1!
us3s1@
us3s9637#
U5ES23!@#
us3s9637!
us3s143!!!
U5es321@
U5es12!@#
Us3s123#
US3S69@
us3s34@
US3S1!@#
Use53!@#
U5ES2#
U5ES2!
U5es9637!!!
Use59637#
us3s9637@
use5321!!!
U5es321#
U5es321!
Us3s111#
us3s34#
Us3s111!
us3s34!
Use569!
US3S9637!@#
U5ES2@
Use56969#
Use56969!
USE59637@
u5es34@
us3s69@
U5es143!
Use524!
U5es143#
Use51234#
use52468!!!
Use51234!
U5es6969#
U5es6969!
Use52468!@#
us3s1#
USE5321#
us3s1!
US3S1@
use5123456#
Us3s6969#
use5123456!
use524#
use512!@#
USE524@
us3s23#
us3s23!
USE53!
use52@
use52468!
u5es420!
u5es420#
Use5420!@#
US3S123456!@#
Use5123456@
Us3s123!@#
US3S420@
US3S123!!!
Use5321!
US3S143@
Use5123456!!!
Use52@
u5es3@
u5es6969!!!
USE59637!!!
USE59637#
USE59637!
US3S420!
US3S420#
US3S2468!@#
US3S143!
US3S143#
u5es3!
u5es3#
Use5111!@#
Use56969!!!
Us3s9637@
Us3s111!!!
U5ES2468!@#
USE524#
USE524!
use524@
USE534@
us3s23@
U5es123!!!
use52#
use52!
USE524!@#
u5es420@
Us3s123@
u5es111!@#
us3s2468@
Us3s12#
U5es34@
Us3s12!
Us3s143!!!
U5es34!@#
U5es1234@
u5es12!@#
u5es6969#
u5es24@
us3s111@
Us3s9637!@#
USE512#
US3S420!@#
U5ES69!!!
US3S111!!!
use5123!@#
Use52468!
US3S3!!!
U5ES321!@#
Use59637!!!
US3S2@
Use5143!!!
U5es3!
U5es3#
Use534!!!
Use53@
Use52#
USE569!!!
us3s9637!@#
use56969!@#
US3S143!!!
U5ES34!@#
USE512!!!
U5ES1234!@#
US3S2#
u5es123456!@#
US3S2!
U5es3@
U5ES24!@#
use59637!!!
use534!@#
Use523!!!
U5es34#
u5es2468!!!
U5es34!
U5es1234#
U5es1234!
US3S321#
us3s111#
us3s111!
u5es321!!!
USE569!@#
USE569!
U5ES3!!!
US3S321!
Us3s24!@#
us3s12!!!
U5es23!!!
US3S24@
u5es143!!!
us3s2468!!!
u5es69@
US3S23#
U5es12#
u5es12@
U5es12!
u5es3!@#
US3S9637@
Us3s69!!!
Use512!@#
us3s1!!!
U5ES1!!!
U5es111@
Use52!@#
use52468!@#
us3s2#
us3s1234!!!
U5es123#
Use5111!!!
u5es12#
U5es12@
u5es12!
US3S9637#
u5es23!@#
US3S9637!
U5es111#
U5es111!
use59637#
U5ES420!!!
u5es111!!!
us3s2@
U5ES6969!!!
use512#
use5123456@
US3S24#
us3s3!@#
US3S24!
use512!
USE5420@
USE52!!!
u5es69!
u5es69#
us3s111!!!
Us3s69@
u5es143!
u5es143#
Use5111#
Use5111!
U5ES321!!!
us3s69!@#
U5ES3@
U5es6969!!!
use56969@
USE5321@
u5es23@
Use5143!@#
Us3s2468!!!
U5ES6969#
u5es420!!!
U5ES123!@#
us3s24!!!
use524!@#
Use5123@
USE53@
us3s420!@#
us3s123456!@#
US3S12!!!
US3S321!@#
u5es23#
u5es23!
US3S420!!!
u5es123!@#
U5ES6969@
Use5123#
Use5123!
Use5123456#
Use5123456!
u5es143@
Us3s69!
U5es34!!!
U5es143!!!
Use5111@
US3S69!@#
Us3s6969!
U5es23#
U5ES3!
U5ES3#
use56969#
us3s2468!
Us3s6969@
Use5143#
U5es23!
use534!
USE5123456@
Us3s420!
Us3s420#
use523!!!
Us3s23@
U5es12!!!
use52!@#
Us3s123456!!!
Us3s143!
Us3s143#
Use56969!@#
U5es2468#
U5es2468!
US3S2!!!
U5es2468!@#
us3s24@
US3S143!@#
U5es321!@#
us3s1234@
use5111#
Us3s34#
use5111!
Us3s34!
U5ES123456!@#
u5es24#
Use56969@
u5es24!
use534!!!
U5ES143!@#
Us3s23!@#
USE5123456!!!
us3s24#
U5ES111#
us3s24!
us3s1234#
us3s1234!
Us3s34@
use5111@
US3S24!!!
U5es69!
U5ES111!@#
u5es143!@#
USE5123456#
USE5123456!
Us3s420@
use5123@
Us3s3!!!
u5es6969!
Us3s23!
us3s2468!@#
Us3s143@
USE5123@
USE52468@
U5es2468@
Us3s2468@
USE523!@#
Us3s69#
u5es2468!@#
u5es1234#
u5es1234!
US3S9637!!!
U5es2!@#
use5420!!!
u5es321!@#
US3S123456!!!
Use53!
USE569#
Use53#
u5es6969!@#
U5es420@
US3S321@
Use5123456!@#
Us3s123456#
use5321!@#
Us3s123456!
U5ES1234#
U5ES1234!
U5ES2!!!
Us3s1234#
Us3s2!@#
Us3s1234!
USE52!@#
USE534!
U5ES420!@#
use53#
us3s123#
Us3s34!@#
us3s123!
Us3s123456@
U5ES23!!!
us3s69!!!
us3s12!@#
U5ES1234@
USE5420!!!
Us3s1234@
US3S1!!!
us3s1!@#
use53@
Use51234!!!
u5es3!!!
us3s123@
Us3s123456!@#
USE59637!@#
use5143!!!
u5es1234@
U5ES12!@#
Use52468#
U5es123!@#
Us3s1!@#
use56969!
u5es24!!!
U5es420!
USE534!@#
U5es420#
use5123456!@#
USE51234!!!
US3S123456@
U5ES321#
US3S321!!!
U5ES321!
u5es111@
USE5111#
USE5111!
USE5111!@#
US3S3!
us3s3@
US3S3#
U5es24#
U5es24!
u5es69!!!
U5ES143!
U5ES143#
USE51!@#
use59637!@#
use51@
u5es2468#
u5es2468!
Us3s1@
U5es24!@#
U5ES143@
use5143!@#
U5es23@
Use52!
u5es420!@#
use51234!
U5es24!!!
Us3s1#
USE5123#
Us3s1!
u5es2468@
US3S123456#
US3S123456!
Us3s2468#
U5ES321@
use59637!
u5es111#
u5es111!
Use51!@#
US3S123!
Us3s2468!@#
us3s3!
US3S3@
us3s3#
U5ES6969!@#
U5es123@
U5es24@
U5es143!@#
US3S23!@#
U5es2!!!
USE56969!!!
Us3s143!@#
u5es321@
Us3s1234!!!
us3s1234!@#
Use5321!@#
U5es2@
us3s34!@#
U5es111!@#
u5es69!@#
Us3s23!!!
use5111!!!
Use512@
USE5321!!!
Use5420@
u5es123#
u5es9637@
U5ES34!!!
USE52468!@#
u5es1!@#
Use52468!!!
USE5111@
Use5143@
u5es123456!!!
USE534!!!
Us3s123!
U5ES2468@
Use52468@
Use512#
Us3s6969!!!
Use512!
u5es9637#
u5es123@
u5es9637!
U5ES12!!!
use569!@#
Use5143!
use51234!@#
U5ES2468#
U5ES2468!
Us3s2!!!
use5111!@#
us3s6969!!!
u5es321#
u5es321!
Use51@
US3S2468!
US3S34!@#
use5123!
use5420!@#
use52468@
use512@
use51234!!!
USE51234@
U5es420!!!
USE523!
Use524!!!
USE512@
u5es23!!!
use53!@#
Use53!!!
USE5123!
u5es12!!!
use5420@
USE52468!!!
Us3s3!@#
u5es9637!@#
Use524!@#
USE56969@
Use524@
U5es3!@#
USE512!
USE53!@#
US3S69!!!
U5ES2!@#
U5es321!!!
US3S1234!!!
USE56969#
USE56969!
Us3s34!!!
use5123456!!!
Us3s12@
us3s123!!!
U5es69@
u5es34!@#
USE51234#
USE51234!
U5ES111!!!
U5es6969@
Use569!@#
US3S123@
U5ES12@
us3s9637!!!
US3S6969!!!
us3s321!!!
u5es2!!!
us3s3!!!
U5ES111!
Us3s1!!!
USE5321!@#
Us3s2#
Us3s2!
USE51#
USE51!
us3s123456!!!
U5ES34#
U5ES34!
Us3s24#
Us3s24!
use52468#
u5es6969@
us3s143!
us3s143#
Us3s321#
Us3s321!
U5es69!@#
U5ES123!
U5ES34@
Use5420!
Us3s24@
US3S24!@#
us3s143@
USE523@
U5es9637!@#
Us3s321@
us3s24!@#
U5ES12#
U5ES12!
Use59637@
USE56969!@#
u5es24!@#
U5ES111@
Us3s2@
Use51234!@#
USE51@
use59637@
uses123
uses1234
uses143
uses1
uses2
uses3
uses69
uses6969
uses420
uses111
uses123456
uses321
uses12
uses23
uses24
uses34
uses2468
uses9637
Uses123
Uses1234
Uses143
Uses1
Uses2
Uses3
Uses69
Uses6969
Uses420
Uses111
Uses123456
Uses321
Uses12
Uses23
Uses24
Uses34
Uses2468
Uses9637
USES123
USES1234
USES143
USES1
USES2
USES3
USES69
USES6969
USES420
USES111
USES123456
USES321
USES12
USES23
USES24
USES34
USES2468
USES9637
uses!@#
uses!
uses@
uses#
uses!!!
Uses!@#
Uses!
Uses@
Uses#
Uses!!!
USES!@#
USES!
USES@
USES#
USES!!!
uses123!@#
uses123!
uses123@
uses123#
uses123!!!
uses1234!@#
uses1234!
uses1234@
uses1234#
uses1234!!!
uses143!@#
uses143!
uses143@
uses143#
uses143!!!
uses1!@#
uses1!
uses1@
uses1#
uses1!!!
uses2!@#
uses2!
uses2@
uses2#
uses2!!!
uses3!@#
uses3!
uses3@
uses3#
uses3!!!
uses69!@#
uses69!
uses69@
uses69#
uses69!!!
uses6969!@#
uses6969!
uses6969@
uses6969#
uses6969!!!
uses420!@#
uses420!
uses420@
uses420#
uses420!!!
uses111!@#
uses111!
uses111@
uses111#
uses111!!!
uses123456!@#
uses123456!
uses123456@
uses123456#
uses123456!!!
uses321!@#
uses321!
uses321@
uses321#
uses321!!!
uses12!@#
uses12!
uses12@
uses12#
uses12!!!
uses23!@#
uses23!
uses23@
uses23#
uses23!!!
uses24!@#
uses24!
uses24@
uses24#
uses24!!!
uses34!@#
uses34!
uses34@
uses34#
uses34!!!
uses2468!@#
uses2468!
uses2468@
uses2468#
uses2468!!!
uses9637!@#
uses9637!
uses9637@
uses9637#
uses9637!!!
Uses123!@#
Uses123!
Uses123@
Uses123#
Uses123!!!
Uses1234!@#
Uses1234!
Uses1234@
Uses1234#
Uses1234!!!
Uses143!@#
Uses143!
Uses143@
Uses143#
Uses143!!!
Uses1!@#
Uses1!
Uses1@
Uses1#
Uses1!!!
Uses2!@#
Uses2!
Uses2@
Uses2#
Uses2!!!
Uses3!@#
Uses3!
Uses3@
Uses3#
Uses3!!!
Uses69!@#
Uses69!
Uses69@
Uses69#
Uses69!!!
Uses6969!@#
Uses6969!
Uses6969@
Uses6969#
Uses6969!!!
Uses420!@#
Uses420!
Uses420@
Uses420#
Uses420!!!
Uses111!@#
Uses111!
Uses111@
Uses111#
Uses111!!!
Uses123456!@#
Uses123456!
Uses123456@
Uses123456#
Uses123456!!!
Uses321!@#
Uses321!
Uses321@
Uses321#
Uses321!!!
Uses12!@#
Uses12!
Uses12@
Uses12#
Uses12!!!
Uses23!@#
Uses23!
Uses23@
Uses23#
Uses23!!!
Uses24!@#
Uses24!
Uses24@
Uses24#
Uses24!!!
Uses34!@#
Uses34!
Uses34@
Uses34#
Uses34!!!
Uses2468!@#
Uses2468!
Uses2468@
Uses2468#
Uses2468!!!
Uses9637!@#
Uses9637!
Uses9637@
Uses9637#
Uses9637!!!
USES123!@#
USES123!
USES123@
USES123#
USES123!!!
USES1234!@#
USES1234!
USES1234@
USES1234#
USES1234!!!
USES143!@#
USES143!
USES143@
USES143#
USES143!!!
USES1!@#
USES1!
USES1@
USES1#
USES1!!!
USES2!@#
USES2!
USES2@
USES2#
USES2!!!
USES3!@#
USES3!
USES3@
USES3#
USES3!!!
USES69!@#
USES69!
USES69@
USES69#
USES69!!!
USES6969!@#
USES6969!
USES6969@
USES6969#
USES6969!!!
USES420!@#
USES420!
USES420@
USES420#
USES420!!!
USES111!@#
USES111!
USES111@
USES111#
USES111!!!
USES123456!@#
USES123456!
USES123456@
USES123456#
USES123456!!!
USES321!@#
USES321!
USES321@
USES321#
USES321!!!
USES12!@#
USES12!
USES12@
USES12#
USES12!!!
USES23!@#
USES23!
USES23@
USES23#
USES23!!!
USES24!@#
USES24!
USES24@
USES24#
USES24!!!
USES34!@#
USES34!
USES34@
USES34#
USES34!!!
USES2468!@#
USES2468!
USES2468@
USES2468#
USES2468!!!
USES9637!@#
USES9637!
USES9637@
USES9637#
USES9637!!!
Jake
j4ke
J4ke
J4KE
jak3
Jak3
JAK3
J4KE23
jak3111
J4KE69
J4ke9637
JAK3420
Jak32
Jak33
jak3123456
Jak31
J4ke143
jak369
jak31234
j4ke69
J4KE6969
j4ke9637
jak32
jak33
jak31
JAK369
JAK31234
J4KE111
J4ke321
JAK32
JAK33
J4ke1234
JAK31
JAK334
Jak3111
J4ke23
j4ke1234
jak32468
Jak36969
Jak324
J4ke2468
Jak323
J4KE9637
JAK32468
JAK3111
J4KE3
J4KE2
J4KE1
Jak3143
J4ke34
j4ke23
J4ke111
jak39637
jak3143
J4KE420
J4KE1234
Jak312
jak334
JAK39637
J4KE123456
JAK3143
j4ke420
J4KE24
J4ke123456
jak36969
J4KE2468
J4KE123
j4ke123456
J4ke24
j4ke24
JAK36969
jak324
jak323
J4ke3
J4ke2
J4ke1
Jak3321
J4KE34
Jak3123
J4ke12
JAK324
JAK323
J4KE321
j4ke3
j4ke2
j4ke1
jak3321
J4ke420
j4ke34
jak3123
jak312
Jak39637
Jak32468
JAK3321
jak3420
JAK3123
Jak369
Jak31234
JAK312
J4ke69
J4ke123
j4ke111
J4KE143
Jak3123456
j4ke2468
j4ke123
J4ke6969
JAK3123456
J4KE12
j4ke321
j4ke143
j4ke6969
Jak3420
j4ke12
Jak334
j4ke!!!
JAK3!!!
jak3!@#
J4KE!@#
JAK3@
j4ke!@#
Jak3!@#
J4ke#
J4ke!
j4ke@
Jak3#
jak3@
Jak3!
J4ke!@#
j4ke#
j4ke!
J4KE@
J4KE!!!
jak3#
Jak3@
jak3!
J4ke!!!
jak3!!!
JAK3!@#
J4ke@
Jak3!!!
J4KE#
JAK3#
JAK3!
J4KE!
J4KE1234@
jak3123!!!
J4KE12!@#
J4KE6969#
JAK32468#
J4KE6969!
JAK32468!
Jak3123456#
Jak3123456!
jak334!@#
J4KE9637#
J4KE9637!
JAK334#
JAK334!
J4ke123!!!
JAK312!@#
jak36969@
Jak36969@
J4ke123456@
J4KE2468!!!
jak324!!!
J4ke143@
jak36969!@#
J4KE123!@#
JAK312!!!
Jak36969#
Jak36969!
J4KE143!@#
J4ke123456#
Jak334!!!
J4ke123456!
JAK3123456#
JAK3123456!
J4ke143!
J4ke143#
J4KE2!@#
jak3143!@#
j4ke23!@#
J4KE1234#
J4KE1234!
jak36969#
jak36969!
JAK32468@
J4KE6969@
J4ke69!!!
Jak3123456@
J4KE9637@
J4ke420!!!
JAK334@
jak3321!!!
jak33@
Jak31!
J4ke2#
Jak31234!@#
J4ke2!
JAK36969!@#
J4ke321!@#
JAK3123!!!
J4KE2@
J4KE143@
J4ke1234!!!
J4KE143!
J4KE143#
Jak323!!!
j4ke9637!@#
jak33#
jak33!
JAK39637!!!
J4ke2@
JAK33#
JAK33!
j4ke23#
J4ke23@
j4ke23!
jak3111!
jak3111#
j4ke420!!!
JAK3123456@
Jak31234#
Jak31234!
JAK3420!
j4ke24@
J4KE1234!@#
Jak312@
jak32!!!
Jak31234@
j4ke24#
j4ke24!
JAK31234@
j4ke3!@#
j4ke6969!@#
Jak312#
Jak312!
j4ke9637@
JAK33@
J4KE12!!!
j4ke1234!!!
JAK334!@#
J4ke23#
j4ke23@
J4ke23!
jak3111@
Jak323#
J4ke9637!@#
JAK3420#
Jak323!
jak3123456!!!
j4ke12!!!
jak32468@
Jak36969!!!
Jak334@
jak312!@#
J4ke111#
J4ke111!
j4ke1@
Jak324#
j4ke24!@#
J4ke24#
J4ke24!
JAK3143!!!
J4ke9637@
J4ke24!!!
Jak334!@#
JAK369!!!
Jak323!@#
Jak31!!!
J4ke321#
J4KE9637!@#
JAK32468!!!
jak3321@
j4ke23!!!
Jak324@
j4ke9637!!!
Jak32468#
Jak312!!!
JAK36969!!!
Jak324!
Jak3143#
jak3321!
jak3321#
Jak3143!
Jak3123456!!!
JAK3420@
jak32468#
jak32468!
J4KE69!!!
j4ke2468!@#
J4ke321!
J4ke111@
j4ke1#
j4ke1!
Jak32468@
Jak369@
j4ke123456@
j4ke69!!!
J4ke123@
J4KE111#
J4ke123456!@#
J4KE111!
J4ke420!@#
JAK3321@
jak3123!
j4ke420!
jak3123#
j4ke420#
JAK3111!!!
JAK39637@
JAK39637!@#
j4ke111#
j4ke143!!!
j4ke111!
Jak32468!@#
j4ke123!!!
Jak3321!@#
j4ke420@
jak3123@
JAK3123#
Jak33!
JAK39637#
JAK39637!
j4ke34!@#
JAK31234!@#
J4KE69!
J4KE69#
Jak369!
Jak369#
j4ke123456#
j4ke123456!
jak3111!@#
J4ke123#
J4ke123!
J4KE111@
j4ke420!@#
J4ke23!@#
Jak3111!@#
J4KE2468!@#
j4ke123#
J4KE123@
j4ke123!
J4ke143!!!
J4KE111!!!
Jak33!@#
J4KE9637!!!
J4ke24@
J4ke2468!!!
J4ke3@
JAK323!@#
J4KE321!!!
Jak3123456!@#
J4ke3!
J4ke3#
JAK32!!!
Jak3143!@#
J4ke111!@#
jak33!!!
J4KE123#
j4ke123@
J4KE123!
j4ke6969!
J4ke420!
J4ke420#
jak3143!!!
j4ke1234!@#
J4KE24!!!
jak32!
JAK32@
jak32#
j4ke9637#
J4KE123456!@#
Jak312!@#
j4ke2#
jak39637!!!
j4ke2!
JAK3111!
j4ke1!@#
j4ke111!!!
JAK32!
jak32@
JAK32#
JAK3111#
j4ke2@
JAK3111@
J4ke420@
J4ke3!@#
Jak369!!!
jak31234!@#
Jak31234!!!
j4ke12!@#
JAK3321!@#
J4ke34!@#
j4ke34!!!
j4ke2468#
J4KE420!
j4ke2468!
J4KE420#
JAK3123456!@#
JAK3420!@#
jak32468!@#
jak36969!!!
jak3123456#
jak3123456!
jak3420!@#
J4ke123!@#
J4KE1@
J4ke143!@#
Jak323@
JAK3111!@#
jak3123456@
J4KE1#
J4KE1!
Jak3321!!!
J4KE420@
j4ke2468@
J4KE3!@#
JAK324!@#
Jak39637!@#
JAK32468!@#
J4KE23!@#
Jak39637#
Jak39637!
Jak31!@#
j4ke3!!!
JAK3123456!!!
jak39637#
jak39637!
JAK3143@
Jak324!@#
Jak3420!!!
jak39637@
JAK31234!
jak31!!!
JAK3143#
Jak39637@
Jak32!@#
jak33!@#
Jak32!
Jak3123!@#
Jak32#
jak324!@#
JAK33!!!
jak369!!!
j4ke69@
j4ke123!@#
J4KE123!!!
Jak3420@
Jak369!@#
J4KE34#
J4KE34!
J4ke69@
J4ke24!@#
Jak3420#
Jak3420!
JAK3420!!!
J4KE34@
J4ke123456!!!
JAK369!@#
J4ke69!
J4ke1!@#
JAK324!!!
JAK3123@
Jak32@
jak334!!!
Jak334#
j4ke69!
j4ke69#
J4KE420!!!
J4ke3!!!
J4KE34!@#
J4KE12#
J4KE12!
J4ke2468!@#
j4ke3@
J4KE2!
J4KE321!@#
jak312@
jak324@
jak3123456!@#
J4ke9637!!!
jak3420@
J4ke12#
J4KE69@
jak324#
JAK3321!!!
jak324!
J4ke6969!@#
J4KE1!@#
j4ke321!!!
Jak32468!!!
jak31!
jak31#
J4KE12@
j4ke3!
j4ke3#
jak312#
jak312!
J4KE3!!!
JAK31!
JAK324@
JAK31#
Jak3123!
Jak3123#
J4ke69!@#
Jak33@
j4ke1!!!
JAK312#
JAK3123!
JAK312!
jak3321!@#
J4ke23!!!
jak3143@
j4ke143!@#
J4KE123456@
j4ke321#
j4ke321!
jak323#
jak323!
JAK323@
Jak3321!
Jak3321#
jak3143#
JAK3123!@#
jak3143!
J4KE123456#
J4KE123456!
j4ke321@
JAK323#
JAK323!
jak323@
Jak3321@
JAK31@
JAK324#
JAK33!@#
JAK324!
Jak3123!!!
Jak3123@
Jak3143@
jak369!@#
jak39637!@#
JAK312@
jak32468!!!
jak31@
J4ke1234!@#
jak369!
jak369#
J4ke2468@
j4ke111@
j4ke123456!@#
Jak3111@
J4ke111!!!
Jak32!!!
Jak31#
JAK3143!
j4ke6969!!!
J4ke2!!!
JAK3143!@#
J4ke321!!!
J4KE24!@#
J4KE1234!!!
JAK31234!!!
J4KE123456!!!
j4ke2!!!
jak32!@#
Jak32468!
jak3123!@#
J4ke34!!!
J4ke2468#
jak369@
J4ke2468!
J4KE2#
jak312!!!
J4ke6969!!!
jak31!@#
JAK31!!!
Jak39637!!!
Jak3111#
J4ke1234@
JAK36969#
J4ke12!@#
JAK36969!
J4ke6969#
J4ke6969!
Jak324!!!
J4ke9637#
J4KE6969!!!
J4ke9637!
jak31234!!!
J4KE420!@#
Jak31@
jak31234@
JAK369!
j4ke111!@#
j4ke34@
J4KE2!!!
Jak3111!
jak31234#
jak31234!
JAK369@
j4ke34#
j4ke24!!!
j4ke34!
Jak36969!@#
J4ke1234#
J4ke1234!
JAK36969@
j4ke69!@#
JAK3321!
Jak3143!!!
J4ke6969@
J4KE23#
J4ke321@
J4KE23!
JAK3321#
J4ke1!!!
jak323!!!
j4ke1234#
j4ke1234!
J4KE69!@#
j4ke143@
J4KE321#
J4KE321!
J4KE143!!!
Jak334!
JAK323!!!
J4KE23!!!
J4KE24#
J4KE24!
j4ke6969#
jak3420!!!
J4ke34#
J4ke34!
J4KE3@
j4ke9637!
J4ke1@
JAK334!!!
J4KE24@
j4ke6969@
J4ke34@
J4KE3!
J4KE3#
JAK31!@#
Jak3420!@#
J4ke1#
jak3420#
J4ke1!
JAK31234#
j4ke1234@
J4KE2468!
J4KE111!@#
Jak3111!!!
J4KE23@
j4ke123456!!!
j4ke143!
J4KE321@
j4ke143#
J4KE1!!!
j4ke321!@#
J4KE2468@
jak3111!!!
J4ke12!
jak334@
J4ke69#
j4ke12#
j4ke12!
j4ke2!@#
JAK32!@#
Jak33#
j4ke12@
j4ke2468!!!
Jak33!!!
jak323!@#
J4ke2!@#
J4KE34!!!
J4KE2468#
JAK369#
jak3420!
J4ke12!!!
J4ke12@
J4KE6969!@#
jak334#
jak334!
jake123
jake1234
jake143
jake1
jake2
jake3
jake69
jake6969
jake420
jake111
jake123456
jake321
jake12
jake23
jake24
jake34
jake2468
jake9637
Jake123
Jake1234
Jake143
Jake1
Jake2
Jake3
Jake69
Jake6969
Jake420
Jake111
Jake123456
Jake321
Jake12
Jake23
Jake24
Jake34
Jake2468
Jake9637
JAKE123
JAKE1234
JAKE143
JAKE1
JAKE2
JAKE3
JAKE69
JAKE6969
JAKE420
JAKE111
JAKE123456
JAKE321
JAKE12
JAKE23
JAKE24
JAKE34
JAKE2468
JAKE9637
jake!@#
jake!
jake@
jake#
jake!!!
Jake!@#
Jake!
Jake@
Jake#
Jake!!!
JAKE!@#
JAKE!
JAKE@
JAKE#
JAKE!!!
jake123!@#
jake123!
jake123@
jake123#
jake123!!!
jake1234!@#
jake1234!
jake1234@
jake1234#
jake1234!!!
jake143!@#
jake143!
jake143@
jake143#
jake143!!!
jake1!@#
jake1!
jake1@
jake1#
jake1!!!
jake2!@#
jake2!
jake2@
jake2#
jake2!!!
jake3!@#
jake3!
jake3@
jake3#
jake3!!!
jake69!@#
jake69!
jake69@
jake69#
jake69!!!
jake6969!@#
jake6969!
jake6969@
jake6969#
jake6969!!!
jake420!@#
jake420!
jake420@
jake420#
jake420!!!
jake111!@#
jake111!
jake111@
jake111#
jake111!!!
jake123456!@#
jake123456!
jake123456@
jake123456#
jake123456!!!
jake321!@#
jake321!
jake321@
jake321#
jake321!!!
jake12!@#
jake12!
jake12@
jake12#
jake12!!!
jake23!@#
jake23!
jake23@
jake23#
jake23!!!
jake24!@#
jake24!
jake24@
jake24#
jake24!!!
jake34!@#
jake34!
jake34@
jake34#
jake34!!!
jake2468!@#
jake2468!
jake2468@
jake2468#
jake2468!!!
jake9637!@#
jake9637!
jake9637@
jake9637#
jake9637!!!
Jake123!@#
Jake123!
Jake123@
Jake123#
Jake123!!!
Jake1234!@#
Jake1234!
Jake1234@
Jake1234#
Jake1234!!!
Jake143!@#
Jake143!
Jake143@
Jake143#
Jake143!!!
Jake1!@#
Jake1!
Jake1@
Jake1#
Jake1!!!
Jake2!@#
Jake2!
Jake2@
Jake2#
Jake2!!!
Jake3!@#
Jake3!
Jake3@
Jake3#
Jake3!!!
Jake69!@#
Jake69!
Jake69@
Jake69#
Jake69!!!
Jake6969!@#
Jake6969!
Jake6969@
Jake6969#
Jake6969!!!
Jake420!@#
Jake420!
Jake420@
Jake420#
Jake420!!!
Jake111!@#
Jake111!
Jake111@
Jake111#
Jake111!!!
Jake123456!@#
Jake123456!
Jake123456@
Jake123456#
Jake123456!!!
Jake321!@#
Jake321!
Jake321@
Jake321#
Jake321!!!
Jake12!@#
Jake12!
Jake12@
Jake12#
Jake12!!!
Jake23!@#
Jake23!
Jake23@
Jake23#
Jake23!!!
Jake24!@#
Jake24!
Jake24@
Jake24#
Jake24!!!
Jake34!@#
Jake34!
Jake34@
Jake34#
Jake34!!!
Jake2468!@#
Jake2468!
Jake2468@
Jake2468#
Jake2468!!!
Jake9637!@#
Jake9637!
Jake9637@
Jake9637#
Jake9637!!!
JAKE123!@#
JAKE123!
JAKE123@
JAKE123#
JAKE123!!!
JAKE1234!@#
JAKE1234!
JAKE1234@
JAKE1234#
JAKE1234!!!
JAKE143!@#
JAKE143!
JAKE143@
JAKE143#
JAKE143!!!
JAKE1!@#
JAKE1!
JAKE1@
JAKE1#
JAKE1!!!
JAKE2!@#
JAKE2!
JAKE2@
JAKE2#
JAKE2!!!
JAKE3!@#
JAKE3!
JAKE3@
JAKE3#
JAKE3!!!
JAKE69!@#
JAKE69!
JAKE69@
JAKE69#
JAKE69!!!
JAKE6969!@#
JAKE6969!
JAKE6969@
JAKE6969#
JAKE6969!!!
JAKE420!@#
JAKE420!
JAKE420@
JAKE420#
JAKE420!!!
JAKE111!@#
JAKE111!
JAKE111@
JAKE111#
JAKE111!!!
JAKE123456!@#
JAKE123456!
JAKE123456@
JAKE123456#
JAKE123456!!!
JAKE321!@#
JAKE321!
JAKE321@
JAKE321#
JAKE321!!!
JAKE12!@#
JAKE12!
JAKE12@
JAKE12#
JAKE12!!!
JAKE23!@#
JAKE23!
JAKE23@
JAKE23#
JAKE23!!!
JAKE24!@#
JAKE24!
JAKE24@
JAKE24#
JAKE24!!!
JAKE34!@#
JAKE34!
JAKE34@
JAKE34#
JAKE34!!!
JAKE2468!@#
JAKE2468!
JAKE2468@
JAKE2468#
JAKE2468!!!
JAKE9637!@#
JAKE9637!
JAKE9637@
JAKE9637#
JAKE9637!!!
